<?xml version="1.0" encoding="UTF-8"?>
<testsuite xmlns:xsi="http://www.w3.org/2001/XMLSchema-instance" xsi:noNamespaceSchemaLocation="https://maven.apache.org/surefire/maven-surefire-plugin/xsd/surefire-test-report.xsd" name="se.rifr.dao.GarageDaoImplTest" time="0.02" tests="6" errors="0" skipped="0" failures="0">
  <properties>
[...]
</properties>
  <testcase name="readAllGarages" classname="se.rifr.dao.GarageDaoImplTest" time="0.002"/>
  <testcase name="startstop" classname="se.rifr.dao.GarageDaoImplTest" time="0.005"/>
  <testcase name="delete" classname="se.rifr.dao.GarageDaoImplTest" time="0"/>
  <testcase name="printOut" classname="se.rifr.dao.GarageDaoImplTest" time="0.004"/>
  <testcase name="maintain" classname="se.rifr.dao.GarageDaoImplTest" time="0"/>
  <testcase name="read" classname="se.rifr.dao.GarageDaoImplTest" time="0"/>
</testsuite>